生成启动时间为 2013/12/12 19:34:53。
     1>项目“E:\Workspace\Teamtime\go\XGo\XGo\XGo.vcxproj”在节点 2 上(Rebuild 个目标)。
     1>ClCompile:
         D:\Program Files (x86)\Microsoft Visual Studio 11.0\VC\bin\CL.exe /c /ZI /nologo /W3 /WX- /Od /Oy- /D WIN32 /D _DEBUG /D _CONSOLE /D _UNICODE /D UNICODE /Gm /EHsc /RTC1 /MDd /GS /fp:precise /Zc:wchar_t /Zc:forScope /Fo"Debug\\" /Fd"Debug\vc110.pdb" /Gd /TP /analyze- /errorReport:prompt main.cpp
         main.cpp
     1>e:\workspace\teamtime\go\xgo\xgo\engine.h(58): warning C4996: 'vsprintf': This function or variable may be unsafe. Consider using vsprintf_s instead. To disable deprecation, use _CRT_SECURE_NO_WARNINGS. See online help for details.
                 d:\program files (x86)\microsoft visual studio 11.0\vc\include\stdio.h(357) : 参见“vsprintf”的声明
     1>e:\workspace\teamtime\go\xgo\xgo\gtp.h(118): warning C4996: 'sscanf': This function or variable may be unsafe. Consider using sscanf_s instead. To disable deprecation, use _CRT_SECURE_NO_WARNINGS. See online help for details.
                 d:\program files (x86)\microsoft visual studio 11.0\vc\include\stdio.h(311) : 参见“sscanf”的声明
     1>e:\workspace\teamtime\go\xgo\xgo\gtp.h(124): warning C4996: 'sscanf': This function or variable may be unsafe. Consider using sscanf_s instead. To disable deprecation, use _CRT_SECURE_NO_WARNINGS. See online help for details.
                 d:\program files (x86)\microsoft visual studio 11.0\vc\include\stdio.h(311) : 参见“sscanf”的声明
     1>e:\workspace\teamtime\go\xgo\xgo\gtp.h(165): warning C4996: 'sscanf': This function or variable may be unsafe. Consider using sscanf_s instead. To disable deprecation, use _CRT_SECURE_NO_WARNINGS. See online help for details.
                 d:\program files (x86)\microsoft visual studio 11.0\vc\include\stdio.h(311) : 参见“sscanf”的声明
     1>e:\workspace\teamtime\go\xgo\xgo\gtp.h(191): warning C4996: 'sscanf': This function or variable may be unsafe. Consider using sscanf_s instead. To disable deprecation, use _CRT_SECURE_NO_WARNINGS. See online help for details.
                 d:\program files (x86)\microsoft visual studio 11.0\vc\include\stdio.h(311) : 参见“sscanf”的声明
     1>e:\workspace\teamtime\go\xgo\xgo\gtp.h(210): warning C4996: 'sscanf': This function or variable may be unsafe. Consider using sscanf_s instead. To disable deprecation, use _CRT_SECURE_NO_WARNINGS. See online help for details.
                 d:\program files (x86)\microsoft visual studio 11.0\vc\include\stdio.h(311) : 参见“sscanf”的声明
     1>e:\workspace\teamtime\go\xgo\xgo\gtp.h(245): warning C4996: 'sscanf': This function or variable may be unsafe. Consider using sscanf_s instead. To disable deprecation, use _CRT_SECURE_NO_WARNINGS. See online help for details.
                 d:\program files (x86)\microsoft visual studio 11.0\vc\include\stdio.h(311) : 参见“sscanf”的声明
     1>e:\workspace\teamtime\go\xgo\xgo\gtp.h(318): warning C4996: 'sscanf': This function or variable may be unsafe. Consider using sscanf_s instead. To disable deprecation, use _CRT_SECURE_NO_WARNINGS. See online help for details.
                 d:\program files (x86)\microsoft visual studio 11.0\vc\include\stdio.h(311) : 参见“sscanf”的声明
     1>e:\workspace\teamtime\go\xgo\xgo\gtp.h(448): warning C4996: 'sscanf': This function or variable may be unsafe. Consider using sscanf_s instead. To disable deprecation, use _CRT_SECURE_NO_WARNINGS. See online help for details.
                 d:\program files (x86)\microsoft visual studio 11.0\vc\include\stdio.h(311) : 参见“sscanf”的声明
     1>e:\workspace\teamtime\go\xgo\xgo\gtp.h(549): warning C4996: 'sscanf': This function or variable may be unsafe. Consider using sscanf_s instead. To disable deprecation, use _CRT_SECURE_NO_WARNINGS. See online help for details.
                 d:\program files (x86)\microsoft visual studio 11.0\vc\include\stdio.h(311) : 参见“sscanf”的声明
     1>e:\workspace\teamtime\go\xgo\xgo\gtp.h(584): warning C4996: 'sscanf': This function or variable may be unsafe. Consider using sscanf_s instead. To disable deprecation, use _CRT_SECURE_NO_WARNINGS. See online help for details.
                 d:\program files (x86)\microsoft visual studio 11.0\vc\include\stdio.h(311) : 参见“sscanf”的声明
     1>e:\workspace\teamtime\go\xgo\xgo\gtp.h(675): warning C4996: 'sscanf': This function or variable may be unsafe. Consider using sscanf_s instead. To disable deprecation, use _CRT_SECURE_NO_WARNINGS. See online help for details.
                 d:\program files (x86)\microsoft visual studio 11.0\vc\include\stdio.h(311) : 参见“sscanf”的声明
     1>e:\workspace\teamtime\go\xgo\xgo\naivesimulator.h(600): warning C4018: “<”: 有符号/无符号不匹配
     1>e:\workspace\teamtime\go\xgo\xgo\naivesimulator.h(690): warning C4554: “^”: 检查运算符优先级可能存在的错误；使用圆括号阐明优先级
     1>e:\workspace\teamtime\go\xgo\xgo\naivesimulator.h(696): warning C4554: “^”: 检查运算符优先级可能存在的错误；使用圆括号阐明优先级
     1>e:\workspace\teamtime\go\xgo\xgo\brown.h(54): warning C4018: “<”: 有符号/无符号不匹配
     1>e:\workspace\teamtime\go\xgo\xgo\uct\tree.h(65): warning C4244: “return”: 从“int”转换到“float”，可能丢失数据
     1>e:\workspace\teamtime\go\xgo\xgo\uct\tree.h(66): warning C4244: “return”: 从“double”转换到“float”，可能丢失数据
     1>e:\workspace\teamtime\go\xgo\xgo\main.cpp(17): warning C4996: 'sscanf': This function or variable may be unsafe. Consider using sscanf_s instead. To disable deprecation, use _CRT_SECURE_NO_WARNINGS. See online help for details.
                 d:\program files (x86)\microsoft visual studio 11.0\vc\include\stdio.h(311) : 参见“sscanf”的声明
     1>e:\workspace\teamtime\go\xgo\xgo\main.cpp(21): warning C4996: 'setbuf': This function or variable may be unsafe. Consider using setvbuf instead. To disable deprecation, use _CRT_SECURE_NO_WARNINGS. See online help for details.
                 d:\program files (x86)\microsoft visual studio 11.0\vc\include\stdio.h(299) : 参见“setbuf”的声明
     1>e:\workspace\teamtime\go\xgo\xgo\main.cpp(23): warning C4996: 'fopen': This function or variable may be unsafe. Consider using fopen_s instead. To disable deprecation, use _CRT_SECURE_NO_WARNINGS. See online help for details.
                 d:\program files (x86)\microsoft visual studio 11.0\vc\include\stdio.h(218) : 参见“fopen”的声明
       Link:
         D:\Program Files (x86)\Microsoft Visual Studio 11.0\VC\bin\link.exe /ERRORREPORT:PROMPT /OUT:"E:\Workspace\Teamtime\go\XGo\Debug\XGo.exe" /INCREMENTAL /NOLOGO kernel32.lib user32.lib gdi32.lib winspool.lib comdlg32.lib advapi32.lib shell32.lib ole32.lib oleaut32.lib uuid.lib odbc32.lib odbccp32.lib /MANIFEST /MANIFESTUAC:"level='asInvoker' uiAccess='false'" /manifest:embed /DEBUG /PDB:"E:\Workspace\Teamtime\go\XGo\Debug\XGo.pdb" /SUBSYSTEM:CONSOLE /TLBID:1 /DYNAMICBASE /NXCOMPAT /IMPLIB:"E:\Workspace\Teamtime\go\XGo\Debug\XGo.lib" /MACHINE:X86 Debug\main.obj
         XGo.vcxproj -> E:\Workspace\Teamtime\go\XGo\Debug\XGo.exe
     1>已完成生成项目“E:\Workspace\Teamtime\go\XGo\XGo\XGo.vcxproj”(Rebuild 个目标)的操作。

生成成功。

已用时间 00:00:01.41
