E:\WORKSPACE\TEAMTIME\GO\XGO\XGO\DEBUG\MAIN.OBJ
E:\WORKSPACE\TEAMTIME\GO\XGO\XGO\DEBUG\VC110.PDB
E:\WORKSPACE\TEAMTIME\GO\XGO\DEBUG\XGO.ILK
E:\WORKSPACE\TEAMTIME\GO\XGO\DEBUG\XGO.EXE
E:\WORKSPACE\TEAMTIME\GO\XGO\DEBUG\XGO.PDB
E:\Workspace\Teamtime\go\XGo\XGo\Debug\main.obj
E:\Workspace\Teamtime\go\XGo\XGo\Debug\cl.command.1.tlog
E:\Workspace\Teamtime\go\XGo\XGo\Debug\CL.read.1.tlog
E:\Workspace\Teamtime\go\XGo\XGo\Debug\CL.write.1.tlog
E:\Workspace\Teamtime\go\XGo\XGo\Debug\link.10964-cvtres.read.1.tlog
E:\Workspace\Teamtime\go\XGo\XGo\Debug\link.10964-cvtres.write.1.tlog
E:\Workspace\Teamtime\go\XGo\XGo\Debug\link.10964-rc.read.1.tlog
E:\Workspace\Teamtime\go\XGo\XGo\Debug\link.10964-rc.write.1.tlog
E:\Workspace\Teamtime\go\XGo\XGo\Debug\link.10964.read.1.tlog
E:\Workspace\Teamtime\go\XGo\XGo\Debug\link.10964.write.1.tlog
E:\Workspace\Teamtime\go\XGo\XGo\Debug\link.command.1.tlog
E:\Workspace\Teamtime\go\XGo\XGo\Debug\link.read.1.tlog
E:\Workspace\Teamtime\go\XGo\XGo\Debug\link.write.1.tlog
E:\Workspace\Teamtime\go\XGo\XGo\Debug\vc110.idb
E:\Workspace\Teamtime\go\XGo\XGo\Debug\vc110.pdb
E:\Workspace\Teamtime\go\XGo\Debug\XGo.pdb
E:\Workspace\Teamtime\go\XGo\Debug\XGo.exe
E:\Workspace\Teamtime\go\XGo\Debug\XGo.ilk
